<?xml version="1.0" encoding="UTF-8"?>
<coverage generated="1758633171295" clover="3.2.0">
  <project timestamp="1758633171295" name="All files">
    <metrics statements="89" coveredstatements="89" conditionals="53" coveredconditionals="51" methods="7" coveredmethods="7" elements="149" coveredelements="147" complexity="0" loc="89" ncloc="89" packages="1" files="2" classes="2"/>
    <file name="parse-profile.ts" path="E:\skillrack tracker\skillrack-tracker\api\parse-profile.ts">
      <metrics statements="55" coveredstatements="55" conditionals="43" coveredconditionals="41" methods="2" coveredmethods="2"/>
      <line num="2" count="1" type="stmt"/>
      <line num="3" count="1" type="stmt"/>
      <line num="6" count="1" type="stmt"/>
      <line num="7" count="1" type="stmt"/>
      <line num="8" count="1" type="stmt"/>
      <line num="21" count="27" type="stmt"/>
      <line num="22" count="27" type="stmt"/>
      <line num="24" count="27" type="cond" truecount="4" falsecount="0"/>
      <line num="26" count="13" type="stmt"/>
      <line num="27" count="13" type="stmt"/>
      <line num="30" count="14" type="cond" truecount="2" falsecount="0"/>
      <line num="31" count="5" type="stmt"/>
      <line num="34" count="9" type="stmt"/>
      <line num="35" count="9" type="stmt"/>
      <line num="38" count="1" type="stmt"/>
      <line num="40" count="29" type="stmt"/>
      <line num="41" count="29" type="stmt"/>
      <line num="42" count="29" type="stmt"/>
      <line num="45" count="29" type="cond" truecount="2" falsecount="0"/>
      <line num="46" count="1" type="stmt"/>
      <line num="47" count="1" type="stmt"/>
      <line num="51" count="28" type="cond" truecount="2" falsecount="0"/>
      <line num="52" count="1" type="stmt"/>
      <line num="57" count="1" type="stmt"/>
      <line num="58" count="1" type="stmt"/>
      <line num="62" count="27" type="cond" truecount="5" falsecount="2"/>
      <line num="63" count="27" type="cond" truecount="2" falsecount="0"/>
      <line num="64" count="5" type="stmt"/>
      <line num="69" count="5" type="stmt"/>
      <line num="70" count="5" type="stmt"/>
      <line num="73" count="22" type="stmt"/>
      <line num="74" count="22" type="stmt"/>
      <line num="77" count="22" type="cond" truecount="4" falsecount="0"/>
      <line num="78" count="2" type="stmt"/>
      <line num="83" count="2" type="stmt"/>
      <line num="84" count="2" type="stmt"/>
      <line num="88" count="20" type="cond" truecount="2" falsecount="0"/>
      <line num="89" count="1" type="stmt"/>
      <line num="94" count="1" type="stmt"/>
      <line num="95" count="1" type="stmt"/>
      <line num="99" count="19" type="stmt"/>
      <line num="112" count="13" type="stmt"/>
      <line num="114" count="13" type="stmt"/>
      <line num="119" count="13" type="stmt"/>
      <line num="122" count="6" type="stmt"/>
      <line num="126" count="6" type="cond" truecount="4" falsecount="0"/>
      <line num="127" count="2" type="stmt"/>
      <line num="132" count="4" type="cond" truecount="6" falsecount="0"/>
      <line num="133" count="1" type="stmt"/>
      <line num="138" count="3" type="cond" truecount="6" falsecount="0"/>
      <line num="139" count="1" type="stmt"/>
      <line num="144" count="2" type="cond" truecount="2" falsecount="0"/>
      <line num="145" count="1" type="stmt"/>
      <line num="151" count="1" type="stmt"/>
      <line num="158" count="6" type="stmt"/>
    </file>
    <file name="parsing-utils.ts" path="E:\skillrack tracker\skillrack-tracker\api\parsing-utils.ts">
      <metrics statements="34" coveredstatements="34" conditionals="10" coveredconditionals="10" methods="5" coveredmethods="5"/>
      <line num="1" count="2" type="stmt"/>
      <line num="14" count="2" type="stmt"/>
      <line num="15" count="43" type="stmt"/>
      <line num="16" count="43" type="stmt"/>
      <line num="19" count="34" type="cond" truecount="4" falsecount="0"/>
      <line num="20" count="1" type="stmt"/>
      <line num="24" count="33" type="cond" truecount="2" falsecount="0"/>
      <line num="25" count="3" type="stmt"/>
      <line num="29" count="30" type="stmt"/>
      <line num="30" count="30" type="stmt"/>
      <line num="32" count="9" type="stmt"/>
      <line num="37" count="2" type="stmt"/>
      <line num="38" count="24" type="stmt"/>
      <line num="42" count="120" type="stmt"/>
      <line num="44" count="120" type="stmt"/>
      <line num="45" count="303" type="stmt"/>
      <line num="46" count="303" type="cond" truecount="2" falsecount="0"/>
      <line num="47" count="99" type="stmt"/>
      <line num="48" count="99" type="cond" truecount="2" falsecount="0"/>
      <line num="49" count="99" type="stmt"/>
      <line num="53" count="120" type="stmt"/>
      <line num="57" count="24" type="stmt"/>
      <line num="58" count="24" type="stmt"/>
      <line num="59" count="24" type="stmt"/>
      <line num="60" count="24" type="stmt"/>
      <line num="61" count="24" type="stmt"/>
      <line num="64" count="24" type="stmt"/>
      <line num="72" count="24" type="stmt"/>
      <line num="83" count="2" type="stmt"/>
      <line num="84" count="37" type="stmt"/>
      <line num="85" count="37" type="stmt"/>
      <line num="86" count="37" type="stmt"/>
      <line num="87" count="37" type="stmt"/>
      <line num="90" count="37" type="stmt"/>
    </file>
  </project>
</coverage>
