{"E:\\skillrack tracker\\skillrack-tracker\\api\\parse-profile.ts": {"path":"E:\\skillrack tracker\\skillrack-tracker\\api\\parse-profile.ts","statementMap":{"0":{"start":{"line":38,"column":0},"end":{"line":38,"column":30}},"1":{"start":{"line":2,"column":0},"end":{"line":2,"column":26}},"2":{"start":{"line":3,"column":0},"end":{"line":3,"column":88}},"3":{"start":{"line":6,"column":22},"end":{"line":6,"column":77}},"4":{"start":{"line":7,"column":26},"end":{"line":7,"column":35}},"5":{"start":{"line":8,"column":32},"end":{"line":8,"column":34}},"6":{"start":{"line":21,"column":14},"end":{"line":21,"column":24}},"7":{"start":{"line":22,"column":21},"end":{"line":22,"column":48}},"8":{"start":{"line":24,"column":2},"end":{"line":28,"column":3}},"9":{"start":{"line":26,"column":4},"end":{"line":26,"column":82}},"10":{"start":{"line":27,"column":4},"end":{"line":27,"column":16}},"11":{"start":{"line":30,"column":2},"end":{"line":32,"column":3}},"12":{"start":{"line":31,"column":4},"end":{"line":31,"column":17}},"13":{"start":{"line":34,"column":2},"end":{"line":34,"column":21}},"14":{"start":{"line":35,"column":2},"end":{"line":35,"column":14}},"15":{"start":{"line":40,"column":2},"end":{"line":40,"column":52}},"16":{"start":{"line":41,"column":2},"end":{"line":41,"column":65}},"17":{"start":{"line":42,"column":2},"end":{"line":42,"column":64}},"18":{"start":{"line":45,"column":2},"end":{"line":48,"column":3}},"19":{"start":{"line":46,"column":4},"end":{"line":46,"column":26}},"20":{"start":{"line":47,"column":4},"end":{"line":47,"column":11}},"21":{"start":{"line":51,"column":2},"end":{"line":59,"column":3}},"22":{"start":{"line":52,"column":34},"end":{"line":56,"column":6}},"23":{"start":{"line":57,"column":4},"end":{"line":57,"column":35}},"24":{"start":{"line":58,"column":4},"end":{"line":58,"column":11}},"25":{"start":{"line":62,"column":19},"end":{"line":62,"column":105}},"26":{"start":{"line":63,"column":2},"end":{"line":71,"column":3}},"27":{"start":{"line":64,"column":34},"end":{"line":68,"column":6}},"28":{"start":{"line":69,"column":4},"end":{"line":69,"column":35}},"29":{"start":{"line":70,"column":4},"end":{"line":70,"column":11}},"30":{"start":{"line":73,"column":2},"end":{"line":159,"column":3}},"31":{"start":{"line":74,"column":20},"end":{"line":74,"column":28}},"32":{"start":{"line":77,"column":4},"end":{"line":85,"column":5}},"33":{"start":{"line":78,"column":36},"end":{"line":82,"column":8}},"34":{"start":{"line":83,"column":6},"end":{"line":83,"column":37}},"35":{"start":{"line":84,"column":6},"end":{"line":84,"column":13}},"36":{"start":{"line":88,"column":4},"end":{"line":96,"column":5}},"37":{"start":{"line":89,"column":36},"end":{"line":93,"column":8}},"38":{"start":{"line":94,"column":6},"end":{"line":94,"column":37}},"39":{"start":{"line":95,"column":6},"end":{"line":95,"column":13}},"40":{"start":{"line":99,"column":26},"end":{"line":109,"column":6}},"41":{"start":{"line":112,"column":25},"end":{"line":112,"column":62}},"42":{"start":{"line":114,"column":34},"end":{"line":117,"column":6}},"43":{"start":{"line":119,"column":4},"end":{"line":119,"column":35}},"44":{"start":{"line":122,"column":4},"end":{"line":122,"column":51}},"45":{"start":{"line":126,"column":4},"end":{"line":156,"column":5}},"46":{"start":{"line":127,"column":6},"end":{"line":131,"column":8}},"47":{"start":{"line":132,"column":11},"end":{"line":156,"column":5}},"48":{"start":{"line":133,"column":6},"end":{"line":137,"column":8}},"49":{"start":{"line":138,"column":11},"end":{"line":156,"column":5}},"50":{"start":{"line":139,"column":6},"end":{"line":143,"column":8}},"51":{"start":{"line":144,"column":11},"end":{"line":156,"column":5}},"52":{"start":{"line":145,"column":6},"end":{"line":149,"column":8}},"53":{"start":{"line":151,"column":6},"end":{"line":155,"column":8}},"54":{"start":{"line":158,"column":4},"end":{"line":158,"column":40}}},"fnMap":{"0":{"name":"checkRateLimit","decl":{"start":{"line":20,"column":9},"end":{"line":20,"column":23}},"loc":{"start":{"line":20,"column":40},"end":{"line":36,"column":1}}},"1":{"name":"handler","decl":{"start":{"line":38,"column":30},"end":{"line":38,"column":37}},"loc":{"start":{"line":38,"column":77},"end":{"line":160,"column":null}}}},"branchMap":{"0":{"loc":{"start":{"line":24,"column":2},"end":{"line":28,"column":3}},"type":"if","locations":[{"start":{"line":24,"column":2},"end":{"line":28,"column":3}},{"start":{},"end":{}}]},"1":{"loc":{"start":{"line":24,"column":6},"end":{"line":24,"column":47}},"type":"binary-expr","locations":[{"start":{"line":24,"column":6},"end":{"line":24,"column":17}},{"start":{"line":24,"column":21},"end":{"line":24,"column":47}}]},"2":{"loc":{"start":{"line":30,"column":2},"end":{"line":32,"column":3}},"type":"if","locations":[{"start":{"line":30,"column":2},"end":{"line":32,"column":3}},{"start":{},"end":{}}]},"3":{"loc":{"start":{"line":45,"column":2},"end":{"line":48,"column":3}},"type":"if","locations":[{"start":{"line":45,"column":2},"end":{"line":48,"column":3}},{"start":{},"end":{}}]},"4":{"loc":{"start":{"line":51,"column":2},"end":{"line":59,"column":3}},"type":"if","locations":[{"start":{"line":51,"column":2},"end":{"line":59,"column":3}},{"start":{},"end":{}}]},"5":{"loc":{"start":{"line":62,"column":19},"end":{"line":62,"column":105}},"type":"binary-expr","locations":[{"start":{"line":62,"column":19},"end":{"line":62,"column":59}},{"start":{"line":62,"column":63},"end":{"line":62,"column":92}},{"start":{"line":62,"column":96},"end":{"line":62,"column":105}}]},"6":{"loc":{"start":{"line":62,"column":63},"end":{"line":62,"column":92}},"type":"cond-expr","locations":[{"start":{"line":62,"column":77},"end":{"line":62,"column":79}},{"start":{"line":62,"column":77},"end":{"line":62,"column":92}}]},"7":{"loc":{"start":{"line":62,"column":63},"end":{"line":62,"column":79}},"type":"binary-expr","locations":[{"start":{"line":62,"column":63},"end":{"line":62,"column":79}},{"start":{"line":62,"column":77},"end":{"line":62,"column":79}}]},"8":{"loc":{"start":{"line":63,"column":2},"end":{"line":71,"column":3}},"type":"if","locations":[{"start":{"line":63,"column":2},"end":{"line":71,"column":3}},{"start":{},"end":{}}]},"9":{"loc":{"start":{"line":77,"column":4},"end":{"line":85,"column":5}},"type":"if","locations":[{"start":{"line":77,"column":4},"end":{"line":85,"column":5}},{"start":{},"end":{}}]},"10":{"loc":{"start":{"line":77,"column":8},"end":{"line":77,"column":39}},"type":"binary-expr","locations":[{"start":{"line":77,"column":8},"end":{"line":77,"column":12}},{"start":{"line":77,"column":16},"end":{"line":77,"column":39}}]},"11":{"loc":{"start":{"line":88,"column":4},"end":{"line":96,"column":5}},"type":"if","locations":[{"start":{"line":88,"column":4},"end":{"line":96,"column":5}},{"start":{},"end":{}}]},"12":{"loc":{"start":{"line":126,"column":4},"end":{"line":156,"column":5}},"type":"if","locations":[{"start":{"line":126,"column":4},"end":{"line":156,"column":5}},{"start":{"line":132,"column":11},"end":{"line":156,"column":5}}]},"13":{"loc":{"start":{"line":126,"column":8},"end":{"line":126,"column":67}},"type":"binary-expr","locations":[{"start":{"line":126,"column":8},"end":{"line":126,"column":34}},{"start":{"line":126,"column":38},"end":{"line":126,"column":67}}]},"14":{"loc":{"start":{"line":132,"column":11},"end":{"line":156,"column":5}},"type":"if","locations":[{"start":{"line":132,"column":11},"end":{"line":156,"column":5}},{"start":{"line":138,"column":11},"end":{"line":156,"column":5}}]},"15":{"loc":{"start":{"line":132,"column":15},"end":{"line":132,"column":37}},"type":"cond-expr","locations":[{"start":{"line":132,"column":29},"end":{"line":132,"column":31}},{"start":{"line":132,"column":29},"end":{"line":132,"column":37}}]},"16":{"loc":{"start":{"line":132,"column":15},"end":{"line":132,"column":31}},"type":"binary-expr","locations":[{"start":{"line":132,"column":15},"end":{"line":132,"column":31}},{"start":{"line":132,"column":29},"end":{"line":132,"column":31}}]},"17":{"loc":{"start":{"line":138,"column":11},"end":{"line":156,"column":5}},"type":"if","locations":[{"start":{"line":138,"column":11},"end":{"line":156,"column":5}},{"start":{"line":144,"column":11},"end":{"line":156,"column":5}}]},"18":{"loc":{"start":{"line":138,"column":15},"end":{"line":138,"column":37}},"type":"cond-expr","locations":[{"start":{"line":138,"column":29},"end":{"line":138,"column":31}},{"start":{"line":138,"column":29},"end":{"line":138,"column":37}}]},"19":{"loc":{"start":{"line":138,"column":15},"end":{"line":138,"column":31}},"type":"binary-expr","locations":[{"start":{"line":138,"column":15},"end":{"line":138,"column":31}},{"start":{"line":138,"column":29},"end":{"line":138,"column":31}}]},"20":{"loc":{"start":{"line":144,"column":11},"end":{"line":156,"column":5}},"type":"if","locations":[{"start":{"line":144,"column":11},"end":{"line":156,"column":5}},{"start":{"line":150,"column":11},"end":{"line":156,"column":5}}]}},"s":{"0":1,"1":1,"2":1,"3":1,"4":1,"5":1,"6":27,"7":27,"8":27,"9":13,"10":13,"11":14,"12":5,"13":9,"14":9,"15":29,"16":29,"17":29,"18":29,"19":1,"20":1,"21":28,"22":1,"23":1,"24":1,"25":27,"26":27,"27":5,"28":5,"29":5,"30":22,"31":22,"32":22,"33":2,"34":2,"35":2,"36":20,"37":1,"38":1,"39":1,"40":19,"41":13,"42":13,"43":13,"44":6,"45":6,"46":2,"47":4,"48":1,"49":3,"50":1,"51":2,"52":1,"53":1,"54":6},"f":{"0":27,"1":29},"b":{"0":[13,14],"1":[27,14],"2":[5,9],"3":[1,28],"4":[1,27],"5":[27,27,0],"6":[0,27],"7":[27,27],"8":[5,22],"9":[2,20],"10":[22,21],"11":[1,19],"12":[2,4],"13":[6,5],"14":[1,3],"15":[2,2],"16":[4,4],"17":[1,2],"18":[2,1],"19":[3,3],"20":[1,1]}}
,"E:\\skillrack tracker\\skillrack-tracker\\api\\parsing-utils.ts": {"path":"E:\\skillrack tracker\\skillrack-tracker\\api\\parsing-utils.ts","statementMap":{"0":{"start":{"line":14,"column":0},"end":{"line":14,"column":16}},"1":{"start":{"line":37,"column":0},"end":{"line":37,"column":16}},"2":{"start":{"line":83,"column":0},"end":{"line":83,"column":16}},"3":{"start":{"line":1,"column":0},"end":{"line":1,"column":35}},"4":{"start":{"line":15,"column":2},"end":{"line":33,"column":3}},"5":{"start":{"line":16,"column":19},"end":{"line":16,"column":31}},"6":{"start":{"line":19,"column":4},"end":{"line":21,"column":5}},"7":{"start":{"line":20,"column":6},"end":{"line":20,"column":19}},"8":{"start":{"line":24,"column":4},"end":{"line":26,"column":5}},"9":{"start":{"line":25,"column":6},"end":{"line":25,"column":19}},"10":{"start":{"line":29,"column":24},"end":{"line":29,"column":56}},"11":{"start":{"line":30,"column":4},"end":{"line":30,"column":45}},"12":{"start":{"line":32,"column":4},"end":{"line":32,"column":17}},"13":{"start":{"line":38,"column":12},"end":{"line":38,"column":30}},"14":{"start":{"line":42,"column":16},"end":{"line":42,"column":17}},"15":{"start":{"line":44,"column":4},"end":{"line":51,"column":7}},"16":{"start":{"line":45,"column":20},"end":{"line":45,"column":59}},"17":{"start":{"line":46,"column":6},"end":{"line":50,"column":7}},"18":{"start":{"line":47,"column":26},"end":{"line":47,"column":80}},"19":{"start":{"line":48,"column":8},"end":{"line":48,"column":41}},"20":{"start":{"line":49,"column":8},"end":{"line":49,"column":21}},"21":{"start":{"line":53,"column":4},"end":{"line":53,"column":17}},"22":{"start":{"line":57,"column":19},"end":{"line":57,"column":51}},"23":{"start":{"line":58,"column":20},"end":{"line":58,"column":53}},"24":{"start":{"line":59,"column":25},"end":{"line":59,"column":50}},"25":{"start":{"line":60,"column":20},"end":{"line":60,"column":45}},"26":{"start":{"line":61,"column":20},"end":{"line":61,"column":53}},"27":{"start":{"line":64,"column":22},"end":{"line":70,"column":4}},"28":{"start":{"line":72,"column":2},"end":{"line":79,"column":4}},"29":{"start":{"line":84,"column":26},"end":{"line":84,"column":45}},"30":{"start":{"line":85,"column":26},"end":{"line":85,"column":46}},"31":{"start":{"line":86,"column":31},"end":{"line":86,"column":55}},"32":{"start":{"line":87,"column":25},"end":{"line":87,"column":44}},"33":{"start":{"line":90,"column":2},"end":{"line":90,"column":83}}},"fnMap":{"0":{"name":"validateSkillRackUrl","decl":{"start":{"line":14,"column":16},"end":{"line":14,"column":36}},"loc":{"start":{"line":14,"column":48},"end":{"line":34,"column":1}}},"1":{"name":"parseProfileStats","decl":{"start":{"line":37,"column":16},"end":{"line":37,"column":33}},"loc":{"start":{"line":37,"column":46},"end":{"line":80,"column":1}}},"2":{"name":"extractValueByLabel","decl":{"start":{"line":41,"column":11},"end":{"line":41,"column":30}},"loc":{"start":{"line":41,"column":48},"end":{"line":54,"column":3}}},"3":{"name":"(anonymous_3)","decl":{"start":{"line":44,"column":25},"end":{"line":44,"column":26}},"loc":{"start":{"line":44,"column":40},"end":{"line":51,"column":5}}},"4":{"name":"calculateTotalPoints","decl":{"start":{"line":83,"column":16},"end":{"line":83,"column":36}},"loc":{"start":{"line":83,"column":77},"end":{"line":91,"column":1}}}},"branchMap":{"0":{"loc":{"start":{"line":19,"column":4},"end":{"line":21,"column":5}},"type":"if","locations":[{"start":{"line":19,"column":4},"end":{"line":21,"column":5}},{"start":{},"end":{}}]},"1":{"loc":{"start":{"line":19,"column":8},"end":{"line":19,"column":67}},"type":"binary-expr","locations":[{"start":{"line":19,"column":8},"end":{"line":19,"column":35}},{"start":{"line":19,"column":39},"end":{"line":19,"column":67}}]},"2":{"loc":{"start":{"line":24,"column":4},"end":{"line":26,"column":5}},"type":"if","locations":[{"start":{"line":24,"column":4},"end":{"line":26,"column":5}},{"start":{},"end":{}}]},"3":{"loc":{"start":{"line":46,"column":6},"end":{"line":50,"column":7}},"type":"if","locations":[{"start":{"line":46,"column":6},"end":{"line":50,"column":7}},{"start":{},"end":{}}]},"4":{"loc":{"start":{"line":48,"column":16},"end":{"line":48,"column":40}},"type":"binary-expr","locations":[{"start":{"line":48,"column":16},"end":{"line":48,"column":35}},{"start":{"line":48,"column":39},"end":{"line":48,"column":40}}]}},"s":{"0":2,"1":2,"2":2,"3":2,"4":43,"5":43,"6":34,"7":1,"8":33,"9":3,"10":30,"11":30,"12":9,"13":24,"14":120,"15":120,"16":303,"17":303,"18":99,"19":99,"20":99,"21":120,"22":24,"23":24,"24":24,"25":24,"26":24,"27":24,"28":24,"29":37,"30":37,"31":37,"32":37,"33":37},"f":{"0":43,"1":24,"2":120,"3":303,"4":37},"b":{"0":[1,33],"1":[34,33],"2":[3,30],"3":[99,204],"4":[99,12]}}
}
