TN:
SF:api\parse-profile.ts
FN:20,checkRateLimit
FN:38,handler
FNF:2
FNH:2
FNDA:27,checkRateLimit
FNDA:29,handler
DA:2,1
DA:3,1
DA:6,1
DA:7,1
DA:8,1
DA:21,27
DA:22,27
DA:24,27
DA:26,13
DA:27,13
DA:30,14
DA:31,5
DA:34,9
DA:35,9
DA:38,1
DA:40,29
DA:41,29
DA:42,29
DA:45,29
DA:46,1
DA:47,1
DA:51,28
DA:52,1
DA:57,1
DA:58,1
DA:62,27
DA:63,27
DA:64,5
DA:69,5
DA:70,5
DA:73,22
DA:74,22
DA:77,22
DA:78,2
DA:83,2
DA:84,2
DA:88,20
DA:89,1
DA:94,1
DA:95,1
DA:99,19
DA:112,13
DA:114,13
DA:119,13
DA:122,6
DA:126,6
DA:127,2
DA:132,4
DA:133,1
DA:138,3
DA:139,1
DA:144,2
DA:145,1
DA:151,1
DA:158,6
LF:55
LH:55
BRDA:24,0,0,13
BRDA:24,0,1,14
BRDA:24,1,0,27
BRDA:24,1,1,14
BRDA:30,2,0,5
BRDA:30,2,1,9
BRDA:45,3,0,1
BRDA:45,3,1,28
BRDA:51,4,0,1
BRDA:51,4,1,27
BRDA:62,5,0,27
BRDA:62,5,1,27
BRDA:62,5,2,0
BRDA:62,6,0,0
BRDA:62,6,1,27
BRDA:62,7,0,27
BRDA:62,7,1,27
BRDA:63,8,0,5
BRDA:63,8,1,22
BRDA:77,9,0,2
BRDA:77,9,1,20
BRDA:77,10,0,22
BRDA:77,10,1,21
BRDA:88,11,0,1
BRDA:88,11,1,19
BRDA:126,12,0,2
BRDA:126,12,1,4
BRDA:126,13,0,6
BRDA:126,13,1,5
BRDA:132,14,0,1
BRDA:132,14,1,3
BRDA:132,15,0,2
BRDA:132,15,1,2
BRDA:132,16,0,4
BRDA:132,16,1,4
BRDA:138,17,0,1
BRDA:138,17,1,2
BRDA:138,18,0,2
BRDA:138,18,1,1
BRDA:138,19,0,3
BRDA:138,19,1,3
BRDA:144,20,0,1
BRDA:144,20,1,1
BRF:43
BRH:41
end_of_record
TN:
SF:api\parsing-utils.ts
FN:14,validateSkillRackUrl
FN:37,parseProfileStats
FN:41,extractValueByLabel
FN:44,(anonymous_3)
FN:83,calculateTotalPoints
FNF:5
FNH:5
FNDA:43,validateSkillRackUrl
FNDA:24,parseProfileStats
FNDA:120,extractValueByLabel
FNDA:303,(anonymous_3)
FNDA:37,calculateTotalPoints
DA:1,2
DA:14,2
DA:15,43
DA:16,43
DA:19,34
DA:20,1
DA:24,33
DA:25,3
DA:29,30
DA:30,30
DA:32,9
DA:37,2
DA:38,24
DA:42,120
DA:44,120
DA:45,303
DA:46,303
DA:47,99
DA:48,99
DA:49,99
DA:53,120
DA:57,24
DA:58,24
DA:59,24
DA:60,24
DA:61,24
DA:64,24
DA:72,24
DA:83,2
DA:84,37
DA:85,37
DA:86,37
DA:87,37
DA:90,37
LF:34
LH:34
BRDA:19,0,0,1
BRDA:19,0,1,33
BRDA:19,1,0,34
BRDA:19,1,1,33
BRDA:24,2,0,3
BRDA:24,2,1,30
BRDA:46,3,0,99
BRDA:46,3,1,204
BRDA:48,4,0,99
BRDA:48,4,1,12
BRF:10
BRH:10
end_of_record
